<?xml version="1.0" encoding="UTF-8"?>
<testsuite xmlns:xsi="http://www.w3.org/2001/XMLSchema-instance" xsi:noNamespaceSchemaLocation="https://maven.apache.org/surefire/maven-surefire-plugin/xsd/surefire-test-report-3.0.xsd" version="3.0" name="com.sahh.ekscicd.EksCicdApplicationTests" time="4.401" tests="1" errors="0" skipped="0" failures="0">
  <properties>
[...]
</properties>
  <testcase name="contextLoads" classname="com.sahh.ekscicd.EksCicdApplicationTests" time="1.343">
    <system-out><![CDATA[17:38:06.822 [main] INFO org.springframework.test.context.support.AnnotationConfigContextLoaderUtils -- Could not detect default configuration classes for test class [com.sahh.ekscicd.EksCicdApplicationTests]: EksCicdApplicationTests does not declare any static, non-private, non-final, nested classes annotated with @Configuration.
17:38:06.995 [main] INFO org.springframework.boot.test.context.SpringBootTestContextBootstrapper -- Found @SpringBootConfiguration com.sahh.ekscicd.EksCicdApplication for test class com.sahh.ekscicd.EksCicdApplicationTests

  .   ____          _            __ _ _
 /\\ / ___'_ __ _ _(_)_ __  __ _ \ \ \ \
( ( )\___ | '_ | '_| | '_ \/ _` | \ \ \ \
 \\/  ___)| |_)| | | | | || (_| |  ) ) ) )
  '  |____| .__|_| |_|_| |_\__, | / / / /
 =========|_|==============|___/=/_/_/_/
 :: Spring Boot ::                (v3.2.1)

2024-01-12T17:38:07.606+06:30  INFO 14412 --- [           main] c.sahh.ekscicd.EksCicdApplicationTests   : Starting EksCicdApplicationTests using Java 17.0.7 with PID 14412 (started by Sai Aung Hlyan Htet in C:\eks-cicd)
2024-01-12T17:38:07.608+06:30  INFO 14412 --- [           main] c.sahh.ekscicd.EksCicdApplicationTests   : No active profile set, falling back to 1 default profile: "default"
2024-01-12T17:38:09.573+06:30  INFO 14412 --- [           main] c.sahh.ekscicd.EksCicdApplicationTests   : Started EksCicdApplicationTests in 2.332 seconds (process running for 3.888)
]]></system-out>
  </testcase>
</testsuite>